<?xml version="1.0" encoding="UTF-8"?>
<!-- Generated by org.testng.reporters.JUnitReportReporter -->
<testsuite hostname="DESKTOP-2P9HP0C" name="com.rebtel.test.MobileTest" tests="2" failures="0" timestamp="20 Oct 2018 14:53:20 GMT" time="66.923" errors="0">
  <testcase name="testRebtelAssignment" time="35.551" classname="com.rebtel.test.MobileTest"/>
  <testcase name="testRebtelAssignment" time="31.372" classname="com.rebtel.test.MobileTest"/>
</testsuite> <!-- com.rebtel.test.MobileTest -->
