<?xml version="1.0" encoding="UTF-8"?>
<!-- Generated by org.testng.reporters.JUnitReportReporter -->
<testsuite hostname="DESKTOP-2P9HP0C" name="com.rebtel.test.MobileTest" tests="2" failures="0" timestamp="20 Oct 2018 08:49:42 GMT" time="79.091" errors="0">
  <testcase name="testRebtelAssignment" time="44.763" classname="com.rebtel.test.MobileTest"/>
  <testcase name="testRebtelAssignment" time="34.328" classname="com.rebtel.test.MobileTest"/>
</testsuite> <!-- com.rebtel.test.MobileTest -->
